生成启动时间为 2016/5/16 12:59:54。
     1>项目“D:\devolop\c++\继承中static静态变量非配内存\继承中static静态变量非配内存\继承中static静态变量非配内存.vcxproj”在节点 2 上(Build 个目标)。
     1>ClCompile:
         D:\vs2013\VC\bin\CL.exe /c /ZI /nologo /W3 /WX- /sdl /Od /Oy- /D _UNICODE /D UNICODE /Gm /EHsc /RTC1 /MDd /GS /fp:precise /Zc:wchar_t /Zc:forScope /Fo"Debug\\" /Fd"Debug\vc120.pdb" /Gd /TP /analyze- /errorReport:prompt main.cpp
         main.cpp
       Link:
         D:\vs2013\VC\bin\link.exe /ERRORREPORT:PROMPT /OUT:"D:\devolop\c++\继承中static静态变量非配内存\Debug\继承中static静态变量非配内存.exe" /INCREMENTAL /NOLOGO kernel32.lib user32.lib gdi32.lib winspool.lib comdlg32.lib advapi32.lib shell32.lib ole32.lib oleaut32.lib uuid.lib odbc32.lib odbccp32.lib /MANIFEST /MANIFESTUAC:"level='asInvoker' uiAccess='false'" /manifest:embed /DEBUG /PDB:"D:\devolop\c++\继承中static静态变量非配内存\Debug\继承中static静态变量非配内存.pdb" /TLBID:1 /DYNAMICBASE /NXCOMPAT /IMPLIB:"D:\devolop\c++\继承中static静态变量非配内存\Debug\继承中static静态变量非配内存.lib" /MACHINE:X86 Debug\main.obj
     1>main.obj : error LNK2001: 无法解析的外部符号 "public: static int B::b" (?b@B@@2HA)
     1>D:\devolop\c++\继承中static静态变量非配内存\Debug\继承中static静态变量非配内存.exe : fatal error LNK1120: 1 个无法解析的外部命令
     1>已完成生成项目“D:\devolop\c++\继承中static静态变量非配内存\继承中static静态变量非配内存\继承中static静态变量非配内存.vcxproj”(Build 个目标)的操作 - 失败。

生成失败。

已用时间 00:00:01.06
